<?xml version="1.0" encoding="UTF-8"?>
<!-- Generated by org.testng.reporters.JUnitXMLReporter -->
<testsuite hostname="Pravin-PC" ignored="0" name="Comments Service Api Test Case" tests="3" failures="1" timestamp="24 Mar 2019 08:59:33 GMT" time="9.75" errors="0">
  <testcase name="comments_GETAPITest" time="6.666" classname="com.qa.tests.CommentsServiceTest"/>
  <testcase name="comments_POSTAPITest" time="2.254" classname="com.qa.tests.CommentsServiceTest">
    <failure type="java.lang.AssertionError" message="expected [201] but found [500]">
      <![CDATA[java.lang.AssertionError: expected [201] but found [500]
at com.qa.tests.CommentsServiceTest.comments_POSTAPITest(CommentsServiceTest.java:76)
... Removed 31 stack frames]]>
    </failure>
  </testcase> <!-- comments_POSTAPITest -->
  <testcase name="comments_PUTAPITest" time="0.761" classname="com.qa.tests.CommentsServiceTest"/>
</testsuite> <!-- Comments Service Api Test Case -->
