<?xml version="1.0" encoding="UTF-8"?>
<!-- Generated by org.testng.reporters.JUnitXMLReporter -->
<testsuite hostname="Pravin-PC" ignored="0" name="Users Service Api Test Case" tests="3" failures="0" timestamp="24 Mar 2019 08:59:37 GMT" time="4.069" errors="0">
  <testcase name="posts_GETAPITest" time="1.887" classname="com.qa.tests.UsersServiceTest"/>
  <testcase name="posts_POSTAPITest" time="1.434" classname="com.qa.tests.UsersServiceTest"/>
  <testcase name="posts_PUTAPITest" time="0.729" classname="com.qa.tests.UsersServiceTest"/>
</testsuite> <!-- Users Service Api Test Case -->
